<!DOCTYPE html PUBLIC "-//W3C//DTD XHTML 1.1//EN" "http://www.w3.org/TR/xhtml11/DTD/xhtml11.dtd">
<html xmlns="http://www.w3.org/1999/xhtml">
<head>
<meta http-equiv="content-type" content="text/html; charset=UTF-8"/>
<title>TestNG Report</title>
<style type="text/css">table {margin-bottom:10px;border-collapse:collapse;empty-cells:show}th,td {border:1px solid #009;padding:.25em .5em}th {vertical-align:bottom}td {vertical-align:top}table a {font-weight:bold}.stripe td {background-color: #E6EBF9}.num {text-align:right}.passedodd td {background-color: #3F3}.passedeven td {background-color: #0A0}.skippedodd td {background-color: #DDD}.skippedeven td {background-color: #CCC}.failedodd td,.attn {background-color: #F33}.failedeven td,.stripe .attn {background-color: #D00}.stacktrace {white-space:pre;font-family:monospace}.totop {font-size:85%;text-align:center;border-bottom:2px solid #000}.invisible {display:none}</style>
</head>
<body>
<table>
<tr><th>Test</th><th># Passed</th><th># Skipped</th><th># Failed</th><th>Time (ms)</th><th>Included Groups</th><th>Excluded Groups</th></tr>
<tr><th colspan="7">Automation Test Suite</th></tr>
<tr><td><a href="#t0">PMCS Login test</a></td><td class="num">0</td><td class="num">0</td><td class="num attn">1</td><td class="num">20,179</td><td></td><td></td></tr>
</table>
<table id='summary'><thead><tr><th>Class</th><th>Method</th><th>Start</th><th>Time (ms)</th></tr></thead><tbody><tr><th colspan="4">Automation Test Suite</th></tr></tbody><tbody id="t0"><tr><th colspan="4">PMCS Login test &#8212; failed</th></tr><tr class="failedeven"><td rowspan="1">com.usa.runner.file.ScenariRunner</td><td><a href="#m0">feature</a></td><td rowspan="1">1633308406123</td><td rowspan="1">19784</td></tr></tbody>
</table>
<h2>PMCS Login test</h2><h3 id="m0">com.usa.runner.file.ScenariRunner#feature</h3><table class="result"><tr class="param"><th>Parameter #1</th></tr><tr class="param stripe"><td>Login function validation</td></tr><tr><th>Messages</th></tr><tr><td><div class="messages">=====Browser Session Started=====</div></td></tr><tr><th>Exception</th></tr><tr><td><div class="stacktrace">cucumber.runtime.CucumberException: java.lang.AssertionError: expected [admin-demo.nopcommerce.com] but found [Your store. Login]
	at cucumber.api.testng.TestNGCucumberRunner.runCucumber(TestNGCucumberRunner.java:69)
	at cucumber.api.testng.AbstractTestNGCucumberTests.feature(AbstractTestNGCucumberTests.java:21)
Caused by: java.lang.AssertionError: expected [admin-demo.nopcommerce.com] but found [Your store. Login]
	at com.usa.stepdefinition.ScenarioStepdefinition.page_logout_Title_should_be(ScenarioStepdefinition.java:55)
	at âœ½.Then Page logout Title should be &quot;Your store. Login&quot;(Login.feature:10)
... Removed 35 stack frames</div></td></tr></table><p class="totop"><a href="#summary">back to summary</a></p>
</body>
</html>
