<?xml version="1.0" encoding="UTF-8"?>
<!-- Generated by org.testng.reporters.JUnitXMLReporter -->
<testsuite hostname="Mohammeds-MBP.cable.rcn.com" ignored="0" name="PMCS Login test" tests="1" failures="1" timestamp="04 Oct 2021 00:47:05 GMT" time="20.179" errors="0">
  <testcase name="feature" time="19.784" classname="cucumber.api.testng.AbstractTestNGCucumberTests">
    <failure type="cucumber.runtime.CucumberException" message="java.lang.AssertionError: expected [admin-demo.nopcommerce.com] but found [Your store. Login]">
      <![CDATA[cucumber.runtime.CucumberException: java.lang.AssertionError: expected [admin-demo.nopcommerce.com] but found [Your store. Login]
at cucumber.api.testng.TestNGCucumberRunner.runCucumber(TestNGCucumberRunner.java:69)
at cucumber.api.testng.AbstractTestNGCucumberTests.feature(AbstractTestNGCucumberTests.java:21)
Caused by: java.lang.AssertionError: expected [admin-demo.nopcommerce.com] but found [Your store. Login]
at com.usa.stepdefinition.ScenarioStepdefinition.page_logout_Title_should_be(ScenarioStepdefinition.java:55)
at âœ½.Then Page logout Title should be "Your store. Login"(Login.feature:10)
... Removed 35 stack frames]]>
    </failure>
  </testcase> <!-- feature -->
</testsuite> <!-- PMCS Login test -->
